<?xml version="1.0" encoding="UTF-8"?>
<!-- Generated by org.testng.reporters.JUnitReportReporter -->
<testsuite hostname="DESKTOP-ED4ISGB" failures="0" tests="10" name="SwagLaps" time="2.709" errors="0" timestamp="2023-01-01T16:59:11 EET" skipped="8">
  <testcase classname="SwagLaps" name="login" time="0.120"/>
  <system-out/>
  <testcase classname="SwagLaps" name="totalPrice" time="2.589"/>
  <system-out/>
  <testcase classname="SwagLaps" name="sorting_high_low">
    <skipped/>
  </testcase> <!-- sorting_high_low -->
  <system-out/>
  <testcase classname="SwagLaps" name="sorting_low_High">
    <skipped/>
  </testcase> <!-- sorting_low_High -->
  <system-out/>
  <testcase classname="SwagLaps" name="nameCheck">
    <skipped/>
  </testcase> <!-- nameCheck -->
  <system-out/>
  <testcase classname="SwagLaps" name="addAllItemsToTheCart">
    <skipped/>
  </testcase> <!-- addAllItemsToTheCart -->
  <system-out/>
  <testcase classname="SwagLaps" name="addSpecificItemsToTheCart">
    <skipped/>
  </testcase> <!-- addSpecificItemsToTheCart -->
  <system-out/>
  <testcase classname="SwagLaps" name="descAndNameCheck">
    <skipped/>
  </testcase> <!-- descAndNameCheck -->
  <system-out/>
  <testcase classname="SwagLaps" name="sorting_A_Z">
    <skipped/>
  </testcase> <!-- sorting_A_Z -->
  <system-out/>
  <testcase classname="SwagLaps" name="sorting_Z_A">
    <skipped/>
  </testcase> <!-- sorting_Z_A -->
  <system-out/>
</testsuite> <!-- SwagLaps -->
